Arguments: 
  C:\Program Files\nodejs\node.exe C:\Users\miste\AppData\Roaming\npm\node_modules\yarn\bin\yarn.js add @type/jquery --sdev

PATH: 
  C:\Program Files (x86)\Common Files\Oracle\Java\javapath;C:\Program Files (x86)\Common Files\Intel\Shared Libraries\redist\intel64\compiler;C:\ProgramData\Oracle\Java\javapath;C:\Program Files (x86)\Common Files\Intel\Shared Files\cpp\bin\Intel64;C:\WINDOWS\system32;C:\WINDOWS;C:\WINDOWS\System32\Wbem;C:\WINDOWS\System32\WindowsPowerShell\v1.0\;C:\Program Files (x86)\Skype\Phone\;C:\WINDOWS\System32\OpenSSH\;C:\Program Files\NVIDIA Corporation\NVIDIA NvDLISR;C:\Program Files (x86)\NVIDIA Corporation\PhysX\Common;C:\Program Files (x86)\Touch Portal\plugins\adb\platform-tools;D:\Program Files (x86)\IncrediBuild;C:\Program Files\dotnet\;C:\Program Files\Git\cmd;C:\Program Files\nodejs\;C:\Users\miste\AppData\Roaming\npm;C:\Users\miste\AppData\Local\Microsoft\WindowsApps;D:\Microsoft VS Code\bin;C:\Users\miste\AppData\Local\GitHubDesktop\bin;C:\Users\miste\AppData\Roaming\npm;C:\Program Files\nodejs;C:\Users\miste\AppData\Roaming\npm;

Yarn version: 
  1.22.4

Node version: 
  14.4.0

Platform: 
  win32 x64

Trace: 
  Error: https://registry.yarnpkg.com/@type%2fjquery: Not found
      at Request.params.callback [as _callback] (C:\Users\miste\AppData\Roaming\npm\node_modules\yarn\lib\cli.js:66987:18)
      at Request.self.callback (C:\Users\miste\AppData\Roaming\npm\node_modules\yarn\lib\cli.js:140748:22)
      at Request.emit (events.js:315:20)
      at Request.<anonymous> (C:\Users\miste\AppData\Roaming\npm\node_modules\yarn\lib\cli.js:141720:10)
      at Request.emit (events.js:315:20)
      at IncomingMessage.<anonymous> (C:\Users\miste\AppData\Roaming\npm\node_modules\yarn\lib\cli.js:141642:12)
      at Object.onceWrapper (events.js:421:28)
      at IncomingMessage.emit (events.js:327:22)
      at endReadableNT (_stream_readable.js:1224:12)
      at processTicksAndRejections (internal/process/task_queues.js:84:21)

npm manifest: 
  {
    "name": "comp125-m2020-Assignment3",
    "version": "1.0.0",
    "description": "Mini Portfolio – JSON Data & AJAX Components",
    "main": "index.js",
    "author": "Thiago L Batista",
    "license": "MIT",
    "dependencies": {
      "@fortawesome/fontawesome-free": "^5.13.0",
      "bootstrap": "^4.5.0",
      "jquery": "^3.5.1",
      "popper.js": "^1.16.1"
    }
  }

yarn manifest: 
  No manifest

Lockfile: 
  # THIS IS AN AUTOGENERATED FILE. DO NOT EDIT THIS FILE DIRECTLY.
  # yarn lockfile v1
  
  
  "@fortawesome/fontawesome-free@^5.13.0":
    version "5.13.0"
    resolved "https://registry.yarnpkg.com/@fortawesome/fontawesome-free/-/fontawesome-free-5.13.0.tgz#fcb113d1aca4b471b709e8c9c168674fbd6e06d9"
    integrity sha512-xKOeQEl5O47GPZYIMToj6uuA2syyFlq9EMSl2ui0uytjY9xbe8XS0pexNWmxrdcCyNGyDmLyYw5FtKsalBUeOg==
  
  bootstrap@^4.5.0:
    version "4.5.0"
    resolved "https://registry.yarnpkg.com/bootstrap/-/bootstrap-4.5.0.tgz#97d9dbcb5a8972f8722c9962483543b907d9b9ec"
    integrity sha512-Z93QoXvodoVslA+PWNdk23Hze4RBYIkpb5h8I2HY2Tu2h7A0LpAgLcyrhrSUyo2/Oxm2l1fRZPs1e5hnxnliXA==
  
  jquery@^3.5.1:
    version "3.5.1"
    resolved "https://registry.yarnpkg.com/jquery/-/jquery-3.5.1.tgz#d7b4d08e1bfdb86ad2f1a3d039ea17304717abb5"
    integrity sha512-XwIBPqcMn57FxfT+Go5pzySnm4KWkT1Tv7gjrpT1srtf8Weynl6R273VJ5GjkRb51IzMp5nbaPjJXMWeju2MKg==
  
  popper.js@^1.16.1:
    version "1.16.1"
    resolved "https://registry.yarnpkg.com/popper.js/-/popper.js-1.16.1.tgz#2a223cb3dc7b6213d740e40372be40de43e65b1b"
    integrity sha512-Wb4p1J4zyFTbM+u6WuO4XstYx4Ky9Cewe4DWrel7B0w6VVICvPwdOpotjzcf6eD8TsckVnIMNONQyPIUFOUbCQ==
